CRITICAL - 2022-01-16 01:14:41 --> Undefined offset: 0
#0 C:\xampp\htdocs\ppdb-online-ci4\app\Views\siswa\v_formulir.php(28): CodeIgniter\Debug\Exceptions->errorHandler(8, 'Undefined offse...', 'C:\\xampp\\htdocs...', 28, Array)
#1 C:\xampp\htdocs\ppdb-online-ci4\app\Views\siswa\v_formulir.php(167): tgl_indo('0000-00-00')
#2 C:\xampp\htdocs\ppdb-online-ci4\system\View\View.php(210): include('C:\\xampp\\htdocs...')
#3 C:\xampp\htdocs\ppdb-online-ci4\system\View\View.php(213): CodeIgniter\View\View->CodeIgniter\View\{closure}()
#4 C:\xampp\htdocs\ppdb-online-ci4\system\Common.php(1089): CodeIgniter\View\View->render('siswa/v_formuli...', Array, true)
#5 C:\xampp\htdocs\ppdb-online-ci4\app\Controllers\Siswa.php(30): view('siswa/v_formuli...', Array)
#6 C:\xampp\htdocs\ppdb-online-ci4\system\CodeIgniter.php(825): App\Controllers\Siswa->index()
#7 C:\xampp\htdocs\ppdb-online-ci4\system\CodeIgniter.php(412): CodeIgniter\CodeIgniter->runController(Object(App\Controllers\Siswa))
#8 C:\xampp\htdocs\ppdb-online-ci4\system\CodeIgniter.php(320): CodeIgniter\CodeIgniter->handleRequest(NULL, Object(Config\Cache), false)
#9 C:\xampp\htdocs\ppdb-online-ci4\public\index.php(37): CodeIgniter\CodeIgniter->run()
#10 C:\xampp\htdocs\ppdb-online-ci4\system\Commands\Server\rewrite.php(43): require_once('C:\\xampp\\htdocs...')
#11 {main}
CRITICAL - 2022-01-16 01:18:48 --> Undefined offset: 0
#0 C:\xampp\htdocs\ppdb-online-ci4\app\Views\siswa\v_formulir.php(28): CodeIgniter\Debug\Exceptions->errorHandler(8, 'Undefined offse...', 'C:\\xampp\\htdocs...', 28, Array)
#1 C:\xampp\htdocs\ppdb-online-ci4\app\Views\siswa\v_formulir.php(167): tgl_indo('0000-00-00')
#2 C:\xampp\htdocs\ppdb-online-ci4\system\View\View.php(210): include('C:\\xampp\\htdocs...')
#3 C:\xampp\htdocs\ppdb-online-ci4\system\View\View.php(213): CodeIgniter\View\View->CodeIgniter\View\{closure}()
#4 C:\xampp\htdocs\ppdb-online-ci4\system\Common.php(1089): CodeIgniter\View\View->render('siswa/v_formuli...', Array, true)
#5 C:\xampp\htdocs\ppdb-online-ci4\app\Controllers\Siswa.php(30): view('siswa/v_formuli...', Array)
#6 C:\xampp\htdocs\ppdb-online-ci4\system\CodeIgniter.php(825): App\Controllers\Siswa->index()
#7 C:\xampp\htdocs\ppdb-online-ci4\system\CodeIgniter.php(412): CodeIgniter\CodeIgniter->runController(Object(App\Controllers\Siswa))
#8 C:\xampp\htdocs\ppdb-online-ci4\system\CodeIgniter.php(320): CodeIgniter\CodeIgniter->handleRequest(NULL, Object(Config\Cache), false)
#9 C:\xampp\htdocs\ppdb-online-ci4\public\index.php(37): CodeIgniter\CodeIgniter->run()
#10 C:\xampp\htdocs\ppdb-online-ci4\system\Commands\Server\rewrite.php(43): require_once('C:\\xampp\\htdocs...')
#11 {main}
CRITICAL - 2022-01-16 01:52:15 --> Undefined index: pendapatan_ayah
#0 C:\xampp\htdocs\ppdb-online-ci4\app\Views\siswa\v_formulir.php(382): CodeIgniter\Debug\Exceptions->errorHandler(8, 'Undefined index...', 'C:\\xampp\\htdocs...', 382, Array)
#1 C:\xampp\htdocs\ppdb-online-ci4\system\View\View.php(210): include('C:\\xampp\\htdocs...')
#2 C:\xampp\htdocs\ppdb-online-ci4\system\View\View.php(213): CodeIgniter\View\View->CodeIgniter\View\{closure}()
#3 C:\xampp\htdocs\ppdb-online-ci4\system\Common.php(1089): CodeIgniter\View\View->render('siswa/v_formuli...', Array, true)
#4 C:\xampp\htdocs\ppdb-online-ci4\app\Controllers\Siswa.php(30): view('siswa/v_formuli...', Array)
#5 C:\xampp\htdocs\ppdb-online-ci4\system\CodeIgniter.php(825): App\Controllers\Siswa->index()
#6 C:\xampp\htdocs\ppdb-online-ci4\system\CodeIgniter.php(412): CodeIgniter\CodeIgniter->runController(Object(App\Controllers\Siswa))
#7 C:\xampp\htdocs\ppdb-online-ci4\system\CodeIgniter.php(320): CodeIgniter\CodeIgniter->handleRequest(NULL, Object(Config\Cache), false)
#8 C:\xampp\htdocs\ppdb-online-ci4\public\index.php(37): CodeIgniter\CodeIgniter->run()
#9 C:\xampp\htdocs\ppdb-online-ci4\system\Commands\Server\rewrite.php(43): require_once('C:\\xampp\\htdocs...')
#10 {main}
CRITICAL - 2022-01-16 01:52:36 --> Undefined index: id_pendapatan_ayah
#0 C:\xampp\htdocs\ppdb-online-ci4\app\Views\siswa\v_formulir.php(382): CodeIgniter\Debug\Exceptions->errorHandler(8, 'Undefined index...', 'C:\\xampp\\htdocs...', 382, Array)
#1 C:\xampp\htdocs\ppdb-online-ci4\system\View\View.php(210): include('C:\\xampp\\htdocs...')
#2 C:\xampp\htdocs\ppdb-online-ci4\system\View\View.php(213): CodeIgniter\View\View->CodeIgniter\View\{closure}()
#3 C:\xampp\htdocs\ppdb-online-ci4\system\Common.php(1089): CodeIgniter\View\View->render('siswa/v_formuli...', Array, true)
#4 C:\xampp\htdocs\ppdb-online-ci4\app\Controllers\Siswa.php(30): view('siswa/v_formuli...', Array)
#5 C:\xampp\htdocs\ppdb-online-ci4\system\CodeIgniter.php(825): App\Controllers\Siswa->index()
#6 C:\xampp\htdocs\ppdb-online-ci4\system\CodeIgniter.php(412): CodeIgniter\CodeIgniter->runController(Object(App\Controllers\Siswa))
#7 C:\xampp\htdocs\ppdb-online-ci4\system\CodeIgniter.php(320): CodeIgniter\CodeIgniter->handleRequest(NULL, Object(Config\Cache), false)
#8 C:\xampp\htdocs\ppdb-online-ci4\public\index.php(37): CodeIgniter\CodeIgniter->run()
#9 C:\xampp\htdocs\ppdb-online-ci4\system\Commands\Server\rewrite.php(43): require_once('C:\\xampp\\htdocs...')
#10 {main}
CRITICAL - 2022-01-16 02:07:38 --> Undefined index: nama_ayah
#0 C:\xampp\htdocs\ppdb-online-ci4\app\Views\siswa\v_formulir.php(792): CodeIgniter\Debug\Exceptions->errorHandler(8, 'Undefined index...', 'C:\\xampp\\htdocs...', 792, Array)
#1 C:\xampp\htdocs\ppdb-online-ci4\system\View\View.php(210): include('C:\\xampp\\htdocs...')
#2 C:\xampp\htdocs\ppdb-online-ci4\system\View\View.php(213): CodeIgniter\View\View->CodeIgniter\View\{closure}()
#3 C:\xampp\htdocs\ppdb-online-ci4\system\Common.php(1089): CodeIgniter\View\View->render('siswa/v_formuli...', Array, true)
#4 C:\xampp\htdocs\ppdb-online-ci4\app\Controllers\Siswa.php(39): view('siswa/v_formuli...', Array)
#5 C:\xampp\htdocs\ppdb-online-ci4\system\CodeIgniter.php(825): App\Controllers\Siswa->index()
#6 C:\xampp\htdocs\ppdb-online-ci4\system\CodeIgniter.php(412): CodeIgniter\CodeIgniter->runController(Object(App\Controllers\Siswa))
#7 C:\xampp\htdocs\ppdb-online-ci4\system\CodeIgniter.php(320): CodeIgniter\CodeIgniter->handleRequest(NULL, Object(Config\Cache), false)
#8 C:\xampp\htdocs\ppdb-online-ci4\public\index.php(37): CodeIgniter\CodeIgniter->run()
#9 C:\xampp\htdocs\ppdb-online-ci4\system\Commands\Server\rewrite.php(43): require_once('C:\\xampp\\htdocs...')
#10 {main}
CRITICAL - 2022-01-16 02:08:11 --> Undefined index: id_pendidikan
#0 C:\xampp\htdocs\ppdb-online-ci4\app\Views\siswa\v_formulir.php(827): CodeIgniter\Debug\Exceptions->errorHandler(8, 'Undefined index...', 'C:\\xampp\\htdocs...', 827, Array)
#1 C:\xampp\htdocs\ppdb-online-ci4\system\View\View.php(210): include('C:\\xampp\\htdocs...')
#2 C:\xampp\htdocs\ppdb-online-ci4\system\View\View.php(213): CodeIgniter\View\View->CodeIgniter\View\{closure}()
#3 C:\xampp\htdocs\ppdb-online-ci4\system\Common.php(1089): CodeIgniter\View\View->render('siswa/v_formuli...', Array, true)
#4 C:\xampp\htdocs\ppdb-online-ci4\app\Controllers\Siswa.php(39): view('siswa/v_formuli...', Array)
#5 C:\xampp\htdocs\ppdb-online-ci4\system\CodeIgniter.php(825): App\Controllers\Siswa->index()
#6 C:\xampp\htdocs\ppdb-online-ci4\system\CodeIgniter.php(412): CodeIgniter\CodeIgniter->runController(Object(App\Controllers\Siswa))
#7 C:\xampp\htdocs\ppdb-online-ci4\system\CodeIgniter.php(320): CodeIgniter\CodeIgniter->handleRequest(NULL, Object(Config\Cache), false)
#8 C:\xampp\htdocs\ppdb-online-ci4\public\index.php(37): CodeIgniter\CodeIgniter->run()
#9 C:\xampp\htdocs\ppdb-online-ci4\system\Commands\Server\rewrite.php(43): require_once('C:\\xampp\\htdocs...')
#10 {main}
ERROR - 2022-01-16 04:15:18 --> Unknown column 'tbl_siswa.id_pendidikan' in 'on clause'
CRITICAL - 2022-01-16 04:15:18 --> Unknown column 'tbl_siswa.id_pendidikan' in 'on clause'
#0 C:\xampp\htdocs\ppdb-online-ci4\system\Database\MySQLi\Connection.php(292): mysqli->query('SELECT *\nFROM `...', 0)
#1 C:\xampp\htdocs\ppdb-online-ci4\system\Database\BaseConnection.php(670): CodeIgniter\Database\MySQLi\Connection->execute('SELECT *\nFROM `...')
#2 C:\xampp\htdocs\ppdb-online-ci4\system\Database\BaseConnection.php(598): CodeIgniter\Database\BaseConnection->simpleQuery('SELECT *\nFROM `...')
#3 C:\xampp\htdocs\ppdb-online-ci4\system\Database\BaseBuilder.php(1455): CodeIgniter\Database\BaseConnection->query('SELECT *\nFROM `...', Array, false)
#4 C:\xampp\htdocs\ppdb-online-ci4\app\Models\ModelSiswa.php(34): CodeIgniter\Database\BaseBuilder->get()
#5 C:\xampp\htdocs\ppdb-online-ci4\app\Controllers\Siswa.php(30): App\Models\ModelSiswa->getBiodataSiswa()
#6 C:\xampp\htdocs\ppdb-online-ci4\system\CodeIgniter.php(825): App\Controllers\Siswa->index()
#7 C:\xampp\htdocs\ppdb-online-ci4\system\CodeIgniter.php(412): CodeIgniter\CodeIgniter->runController(Object(App\Controllers\Siswa))
#8 C:\xampp\htdocs\ppdb-online-ci4\system\CodeIgniter.php(320): CodeIgniter\CodeIgniter->handleRequest(NULL, Object(Config\Cache), false)
#9 C:\xampp\htdocs\ppdb-online-ci4\public\index.php(37): CodeIgniter\CodeIgniter->run()
#10 C:\xampp\htdocs\ppdb-online-ci4\system\Commands\Server\rewrite.php(43): require_once('C:\\xampp\\htdocs...')
#11 {main}
CRITICAL - 2022-01-16 04:48:01 --> Undefined index: alamat
#0 C:\xampp\htdocs\ppdb-online-ci4\app\Views\siswa\v_formulir.php(424): CodeIgniter\Debug\Exceptions->errorHandler(8, 'Undefined index...', 'C:\\xampp\\htdocs...', 424, Array)
#1 C:\xampp\htdocs\ppdb-online-ci4\system\View\View.php(210): include('C:\\xampp\\htdocs...')
#2 C:\xampp\htdocs\ppdb-online-ci4\system\View\View.php(213): CodeIgniter\View\View->CodeIgniter\View\{closure}()
#3 C:\xampp\htdocs\ppdb-online-ci4\system\Common.php(1089): CodeIgniter\View\View->render('siswa/v_formuli...', Array, true)
#4 C:\xampp\htdocs\ppdb-online-ci4\app\Controllers\Siswa.php(39): view('siswa/v_formuli...', Array)
#5 C:\xampp\htdocs\ppdb-online-ci4\system\CodeIgniter.php(825): App\Controllers\Siswa->index()
#6 C:\xampp\htdocs\ppdb-online-ci4\system\CodeIgniter.php(412): CodeIgniter\CodeIgniter->runController(Object(App\Controllers\Siswa))
#7 C:\xampp\htdocs\ppdb-online-ci4\system\CodeIgniter.php(320): CodeIgniter\CodeIgniter->handleRequest(NULL, Object(Config\Cache), false)
#8 C:\xampp\htdocs\ppdb-online-ci4\public\index.php(37): CodeIgniter\CodeIgniter->run()
#9 C:\xampp\htdocs\ppdb-online-ci4\system\Commands\Server\rewrite.php(43): require_once('C:\\xampp\\htdocs...')
#10 {main}
CRITICAL - 2022-01-16 04:48:17 --> Undefined index: alamat
#0 C:\xampp\htdocs\ppdb-online-ci4\app\Views\siswa\v_formulir.php(424): CodeIgniter\Debug\Exceptions->errorHandler(8, 'Undefined index...', 'C:\\xampp\\htdocs...', 424, Array)
#1 C:\xampp\htdocs\ppdb-online-ci4\system\View\View.php(210): include('C:\\xampp\\htdocs...')
#2 C:\xampp\htdocs\ppdb-online-ci4\system\View\View.php(213): CodeIgniter\View\View->CodeIgniter\View\{closure}()
#3 C:\xampp\htdocs\ppdb-online-ci4\system\Common.php(1089): CodeIgniter\View\View->render('siswa/v_formuli...', Array, true)
#4 C:\xampp\htdocs\ppdb-online-ci4\app\Controllers\Siswa.php(39): view('siswa/v_formuli...', Array)
#5 C:\xampp\htdocs\ppdb-online-ci4\system\CodeIgniter.php(825): App\Controllers\Siswa->index()
#6 C:\xampp\htdocs\ppdb-online-ci4\system\CodeIgniter.php(412): CodeIgniter\CodeIgniter->runController(Object(App\Controllers\Siswa))
#7 C:\xampp\htdocs\ppdb-online-ci4\system\CodeIgniter.php(320): CodeIgniter\CodeIgniter->handleRequest(NULL, Object(Config\Cache), false)
#8 C:\xampp\htdocs\ppdb-online-ci4\public\index.php(37): CodeIgniter\CodeIgniter->run()
#9 C:\xampp\htdocs\ppdb-online-ci4\system\Commands\Server\rewrite.php(43): require_once('C:\\xampp\\htdocs...')
#10 {main}
CRITICAL - 2022-01-16 08:48:22 --> Undefined index: jarak
#0 C:\xampp\htdocs\ppdb-online-ci4\app\Views\siswa\v_formulir.php(238): CodeIgniter\Debug\Exceptions->errorHandler(8, 'Undefined index...', 'C:\\xampp\\htdocs...', 238, Array)
#1 C:\xampp\htdocs\ppdb-online-ci4\system\View\View.php(210): include('C:\\xampp\\htdocs...')
#2 C:\xampp\htdocs\ppdb-online-ci4\system\View\View.php(213): CodeIgniter\View\View->CodeIgniter\View\{closure}()
#3 C:\xampp\htdocs\ppdb-online-ci4\system\Common.php(1089): CodeIgniter\View\View->render('siswa/v_formuli...', Array, true)
#4 C:\xampp\htdocs\ppdb-online-ci4\app\Controllers\Siswa.php(39): view('siswa/v_formuli...', Array)
#5 C:\xampp\htdocs\ppdb-online-ci4\system\CodeIgniter.php(825): App\Controllers\Siswa->index()
#6 C:\xampp\htdocs\ppdb-online-ci4\system\CodeIgniter.php(412): CodeIgniter\CodeIgniter->runController(Object(App\Controllers\Siswa))
#7 C:\xampp\htdocs\ppdb-online-ci4\system\CodeIgniter.php(320): CodeIgniter\CodeIgniter->handleRequest(NULL, Object(Config\Cache), false)
#8 C:\xampp\htdocs\ppdb-online-ci4\public\index.php(37): CodeIgniter\CodeIgniter->run()
#9 C:\xampp\htdocs\ppdb-online-ci4\system\Commands\Server\rewrite.php(43): require_once('C:\\xampp\\htdocs...')
#10 {main}
CRITICAL - 2022-01-16 09:16:45 --> Undefined index: pendidikan_wali
#0 C:\xampp\htdocs\ppdb-online-ci4\app\Views\siswa\v_formulir.php(475): CodeIgniter\Debug\Exceptions->errorHandler(8, 'Undefined index...', 'C:\\xampp\\htdocs...', 475, Array)
#1 C:\xampp\htdocs\ppdb-online-ci4\system\View\View.php(210): include('C:\\xampp\\htdocs...')
#2 C:\xampp\htdocs\ppdb-online-ci4\system\View\View.php(213): CodeIgniter\View\View->CodeIgniter\View\{closure}()
#3 C:\xampp\htdocs\ppdb-online-ci4\system\Common.php(1089): CodeIgniter\View\View->render('siswa/v_formuli...', Array, true)
#4 C:\xampp\htdocs\ppdb-online-ci4\app\Controllers\Siswa.php(39): view('siswa/v_formuli...', Array)
#5 C:\xampp\htdocs\ppdb-online-ci4\system\CodeIgniter.php(825): App\Controllers\Siswa->index()
#6 C:\xampp\htdocs\ppdb-online-ci4\system\CodeIgniter.php(412): CodeIgniter\CodeIgniter->runController(Object(App\Controllers\Siswa))
#7 C:\xampp\htdocs\ppdb-online-ci4\system\CodeIgniter.php(320): CodeIgniter\CodeIgniter->handleRequest(NULL, Object(Config\Cache), false)
#8 C:\xampp\htdocs\ppdb-online-ci4\public\index.php(37): CodeIgniter\CodeIgniter->run()
#9 C:\xampp\htdocs\ppdb-online-ci4\system\Commands\Server\rewrite.php(43): require_once('C:\\xampp\\htdocs...')
#10 {main}
CRITICAL - 2022-01-16 09:28:49 --> Undefined offset: 2
#0 C:\xampp\htdocs\ppdb-online-ci4\app\Views\siswa\v_formulir.php(28): CodeIgniter\Debug\Exceptions->errorHandler(8, 'Undefined offse...', 'C:\\xampp\\htdocs...', 28, Array)
#1 C:\xampp\htdocs\ppdb-online-ci4\app\Views\siswa\v_formulir.php(419): tgl_indo('bumi')
#2 C:\xampp\htdocs\ppdb-online-ci4\system\View\View.php(210): include('C:\\xampp\\htdocs...')
#3 C:\xampp\htdocs\ppdb-online-ci4\system\View\View.php(213): CodeIgniter\View\View->CodeIgniter\View\{closure}()
#4 C:\xampp\htdocs\ppdb-online-ci4\system\Common.php(1089): CodeIgniter\View\View->render('siswa/v_formuli...', Array, true)
#5 C:\xampp\htdocs\ppdb-online-ci4\app\Controllers\Siswa.php(39): view('siswa/v_formuli...', Array)
#6 C:\xampp\htdocs\ppdb-online-ci4\system\CodeIgniter.php(825): App\Controllers\Siswa->index()
#7 C:\xampp\htdocs\ppdb-online-ci4\system\CodeIgniter.php(412): CodeIgniter\CodeIgniter->runController(Object(App\Controllers\Siswa))
#8 C:\xampp\htdocs\ppdb-online-ci4\system\CodeIgniter.php(320): CodeIgniter\CodeIgniter->handleRequest(NULL, Object(Config\Cache), false)
#9 C:\xampp\htdocs\ppdb-online-ci4\public\index.php(37): CodeIgniter\CodeIgniter->run()
#10 C:\xampp\htdocs\ppdb-online-ci4\system\Commands\Server\rewrite.php(43): require_once('C:\\xampp\\htdocs...')
#11 {main}
CRITICAL - 2022-01-16 09:30:40 --> Undefined offset: 2
#0 C:\xampp\htdocs\ppdb-online-ci4\app\Views\siswa\v_formulir.php(28): CodeIgniter\Debug\Exceptions->errorHandler(8, 'Undefined offse...', 'C:\\xampp\\htdocs...', 28, Array)
#1 C:\xampp\htdocs\ppdb-online-ci4\app\Views\siswa\v_formulir.php(419): tgl_indo('bumi')
#2 C:\xampp\htdocs\ppdb-online-ci4\system\View\View.php(210): include('C:\\xampp\\htdocs...')
#3 C:\xampp\htdocs\ppdb-online-ci4\system\View\View.php(213): CodeIgniter\View\View->CodeIgniter\View\{closure}()
#4 C:\xampp\htdocs\ppdb-online-ci4\system\Common.php(1089): CodeIgniter\View\View->render('siswa/v_formuli...', Array, true)
#5 C:\xampp\htdocs\ppdb-online-ci4\app\Controllers\Siswa.php(39): view('siswa/v_formuli...', Array)
#6 C:\xampp\htdocs\ppdb-online-ci4\system\CodeIgniter.php(825): App\Controllers\Siswa->index()
#7 C:\xampp\htdocs\ppdb-online-ci4\system\CodeIgniter.php(412): CodeIgniter\CodeIgniter->runController(Object(App\Controllers\Siswa))
#8 C:\xampp\htdocs\ppdb-online-ci4\system\CodeIgniter.php(320): CodeIgniter\CodeIgniter->handleRequest(NULL, Object(Config\Cache), false)
#9 C:\xampp\htdocs\ppdb-online-ci4\public\index.php(37): CodeIgniter\CodeIgniter->run()
#10 C:\xampp\htdocs\ppdb-online-ci4\system\Commands\Server\rewrite.php(43): require_once('C:\\xampp\\htdocs...')
#11 {main}
CRITICAL - 2022-01-16 09:48:12 --> Undefined index: id_pendidikan_ayah
#0 C:\xampp\htdocs\ppdb-online-ci4\app\Views\siswa\v_formulir.php(824): CodeIgniter\Debug\Exceptions->errorHandler(8, 'Undefined index...', 'C:\\xampp\\htdocs...', 824, Array)
#1 C:\xampp\htdocs\ppdb-online-ci4\system\View\View.php(210): include('C:\\xampp\\htdocs...')
#2 C:\xampp\htdocs\ppdb-online-ci4\system\View\View.php(213): CodeIgniter\View\View->CodeIgniter\View\{closure}()
#3 C:\xampp\htdocs\ppdb-online-ci4\system\Common.php(1089): CodeIgniter\View\View->render('siswa/v_formuli...', Array, true)
#4 C:\xampp\htdocs\ppdb-online-ci4\app\Controllers\Siswa.php(39): view('siswa/v_formuli...', Array)
#5 C:\xampp\htdocs\ppdb-online-ci4\system\CodeIgniter.php(825): App\Controllers\Siswa->index()
#6 C:\xampp\htdocs\ppdb-online-ci4\system\CodeIgniter.php(412): CodeIgniter\CodeIgniter->runController(Object(App\Controllers\Siswa))
#7 C:\xampp\htdocs\ppdb-online-ci4\system\CodeIgniter.php(320): CodeIgniter\CodeIgniter->handleRequest(NULL, Object(Config\Cache), false)
#8 C:\xampp\htdocs\ppdb-online-ci4\public\index.php(37): CodeIgniter\CodeIgniter->run()
#9 C:\xampp\htdocs\ppdb-online-ci4\system\Commands\Server\rewrite.php(43): require_once('C:\\xampp\\htdocs...')
#10 {main}
CRITICAL - 2022-01-16 09:51:15 --> Undefined index: id_pekerjaan_ayah
#0 C:\xampp\htdocs\ppdb-online-ci4\app\Views\siswa\v_formulir.php(838): CodeIgniter\Debug\Exceptions->errorHandler(8, 'Undefined index...', 'C:\\xampp\\htdocs...', 838, Array)
#1 C:\xampp\htdocs\ppdb-online-ci4\system\View\View.php(210): include('C:\\xampp\\htdocs...')
#2 C:\xampp\htdocs\ppdb-online-ci4\system\View\View.php(213): CodeIgniter\View\View->CodeIgniter\View\{closure}()
#3 C:\xampp\htdocs\ppdb-online-ci4\system\Common.php(1089): CodeIgniter\View\View->render('siswa/v_formuli...', Array, true)
#4 C:\xampp\htdocs\ppdb-online-ci4\app\Controllers\Siswa.php(39): view('siswa/v_formuli...', Array)
#5 C:\xampp\htdocs\ppdb-online-ci4\system\CodeIgniter.php(825): App\Controllers\Siswa->index()
#6 C:\xampp\htdocs\ppdb-online-ci4\system\CodeIgniter.php(412): CodeIgniter\CodeIgniter->runController(Object(App\Controllers\Siswa))
#7 C:\xampp\htdocs\ppdb-online-ci4\system\CodeIgniter.php(320): CodeIgniter\CodeIgniter->handleRequest(NULL, Object(Config\Cache), false)
#8 C:\xampp\htdocs\ppdb-online-ci4\public\index.php(37): CodeIgniter\CodeIgniter->run()
#9 C:\xampp\htdocs\ppdb-online-ci4\system\Commands\Server\rewrite.php(43): require_once('C:\\xampp\\htdocs...')
#10 {main}
CRITICAL - 2022-01-16 09:51:25 --> Undefined index: id_pendidikan_ibu
#0 C:\xampp\htdocs\ppdb-online-ci4\app\Views\siswa\v_formulir.php(941): CodeIgniter\Debug\Exceptions->errorHandler(8, 'Undefined index...', 'C:\\xampp\\htdocs...', 941, Array)
#1 C:\xampp\htdocs\ppdb-online-ci4\system\View\View.php(210): include('C:\\xampp\\htdocs...')
#2 C:\xampp\htdocs\ppdb-online-ci4\system\View\View.php(213): CodeIgniter\View\View->CodeIgniter\View\{closure}()
#3 C:\xampp\htdocs\ppdb-online-ci4\system\Common.php(1089): CodeIgniter\View\View->render('siswa/v_formuli...', Array, true)
#4 C:\xampp\htdocs\ppdb-online-ci4\app\Controllers\Siswa.php(39): view('siswa/v_formuli...', Array)
#5 C:\xampp\htdocs\ppdb-online-ci4\system\CodeIgniter.php(825): App\Controllers\Siswa->index()
#6 C:\xampp\htdocs\ppdb-online-ci4\system\CodeIgniter.php(412): CodeIgniter\CodeIgniter->runController(Object(App\Controllers\Siswa))
#7 C:\xampp\htdocs\ppdb-online-ci4\system\CodeIgniter.php(320): CodeIgniter\CodeIgniter->handleRequest(NULL, Object(Config\Cache), false)
#8 C:\xampp\htdocs\ppdb-online-ci4\public\index.php(37): CodeIgniter\CodeIgniter->run()
#9 C:\xampp\htdocs\ppdb-online-ci4\system\Commands\Server\rewrite.php(43): require_once('C:\\xampp\\htdocs...')
#10 {main}
CRITICAL - 2022-01-16 10:00:50 --> Undefined index: pekerjaan_ayah
#0 C:\xampp\htdocs\ppdb-online-ci4\app\Views\siswa\v_formulir.php(838): CodeIgniter\Debug\Exceptions->errorHandler(8, 'Undefined index...', 'C:\\xampp\\htdocs...', 838, Array)
#1 C:\xampp\htdocs\ppdb-online-ci4\system\View\View.php(210): include('C:\\xampp\\htdocs...')
#2 C:\xampp\htdocs\ppdb-online-ci4\system\View\View.php(213): CodeIgniter\View\View->CodeIgniter\View\{closure}()
#3 C:\xampp\htdocs\ppdb-online-ci4\system\Common.php(1089): CodeIgniter\View\View->render('siswa/v_formuli...', Array, true)
#4 C:\xampp\htdocs\ppdb-online-ci4\app\Controllers\Siswa.php(39): view('siswa/v_formuli...', Array)
#5 C:\xampp\htdocs\ppdb-online-ci4\system\CodeIgniter.php(825): App\Controllers\Siswa->index()
#6 C:\xampp\htdocs\ppdb-online-ci4\system\CodeIgniter.php(412): CodeIgniter\CodeIgniter->runController(Object(App\Controllers\Siswa))
#7 C:\xampp\htdocs\ppdb-online-ci4\system\CodeIgniter.php(320): CodeIgniter\CodeIgniter->handleRequest(NULL, Object(Config\Cache), false)
#8 C:\xampp\htdocs\ppdb-online-ci4\public\index.php(37): CodeIgniter\CodeIgniter->run()
#9 C:\xampp\htdocs\ppdb-online-ci4\system\Commands\Server\rewrite.php(43): require_once('C:\\xampp\\htdocs...')
#10 {main}
