CRITICAL - 2022-01-23 00:26:50 --> Undefined variable: biodata
#0 C:\xampp\htdocs\ppdb-online-ci4\app\Views\admin\ppdb\v_detail.php(42): CodeIgniter\Debug\Exceptions->errorHandler(8, 'Undefined varia...', 'C:\\xampp\\htdocs...', 42, Array)
#1 C:\xampp\htdocs\ppdb-online-ci4\system\View\View.php(210): include('C:\\xampp\\htdocs...')
#2 C:\xampp\htdocs\ppdb-online-ci4\system\View\View.php(213): CodeIgniter\View\View->CodeIgniter\View\{closure}()
#3 C:\xampp\htdocs\ppdb-online-ci4\system\Common.php(1089): CodeIgniter\View\View->render('admin/ppdb/v_de...', Array, true)
#4 C:\xampp\htdocs\ppdb-online-ci4\app\Controllers\Ppdb.php(32): view('admin/ppdb/v_de...', Array)
#5 C:\xampp\htdocs\ppdb-online-ci4\system\CodeIgniter.php(825): App\Controllers\Ppdb->detail('1')
#6 C:\xampp\htdocs\ppdb-online-ci4\system\CodeIgniter.php(412): CodeIgniter\CodeIgniter->runController(Object(App\Controllers\Ppdb))
#7 C:\xampp\htdocs\ppdb-online-ci4\system\CodeIgniter.php(320): CodeIgniter\CodeIgniter->handleRequest(NULL, Object(Config\Cache), false)
#8 C:\xampp\htdocs\ppdb-online-ci4\public\index.php(37): CodeIgniter\CodeIgniter->run()
#9 C:\xampp\htdocs\ppdb-online-ci4\system\Commands\Server\rewrite.php(43): require_once('C:\\xampp\\htdocs...')
#10 {main}
CRITICAL - 2022-01-23 00:28:18 --> Undefined variable: berkas
#0 C:\xampp\htdocs\ppdb-online-ci4\app\Views\admin\ppdb\v_detail.php(515): CodeIgniter\Debug\Exceptions->errorHandler(8, 'Undefined varia...', 'C:\\xampp\\htdocs...', 515, Array)
#1 C:\xampp\htdocs\ppdb-online-ci4\system\View\View.php(210): include('C:\\xampp\\htdocs...')
#2 C:\xampp\htdocs\ppdb-online-ci4\system\View\View.php(213): CodeIgniter\View\View->CodeIgniter\View\{closure}()
#3 C:\xampp\htdocs\ppdb-online-ci4\system\Common.php(1089): CodeIgniter\View\View->render('admin/ppdb/v_de...', Array, true)
#4 C:\xampp\htdocs\ppdb-online-ci4\app\Controllers\Ppdb.php(32): view('admin/ppdb/v_de...', Array)
#5 C:\xampp\htdocs\ppdb-online-ci4\system\CodeIgniter.php(825): App\Controllers\Ppdb->detail('1')
#6 C:\xampp\htdocs\ppdb-online-ci4\system\CodeIgniter.php(412): CodeIgniter\CodeIgniter->runController(Object(App\Controllers\Ppdb))
#7 C:\xampp\htdocs\ppdb-online-ci4\system\CodeIgniter.php(320): CodeIgniter\CodeIgniter->handleRequest(NULL, Object(Config\Cache), false)
#8 C:\xampp\htdocs\ppdb-online-ci4\public\index.php(37): CodeIgniter\CodeIgniter->run()
#9 C:\xampp\htdocs\ppdb-online-ci4\system\Commands\Server\rewrite.php(43): require_once('C:\\xampp\\htdocs...')
#10 {main}
CRITICAL - 2022-01-23 00:29:33 --> Undefined variable: berkas
#0 C:\xampp\htdocs\ppdb-online-ci4\app\Views\admin\ppdb\v_detail.php(515): CodeIgniter\Debug\Exceptions->errorHandler(8, 'Undefined varia...', 'C:\\xampp\\htdocs...', 515, Array)
#1 C:\xampp\htdocs\ppdb-online-ci4\system\View\View.php(210): include('C:\\xampp\\htdocs...')
#2 C:\xampp\htdocs\ppdb-online-ci4\system\View\View.php(213): CodeIgniter\View\View->CodeIgniter\View\{closure}()
#3 C:\xampp\htdocs\ppdb-online-ci4\system\Common.php(1089): CodeIgniter\View\View->render('admin/ppdb/v_de...', Array, true)
#4 C:\xampp\htdocs\ppdb-online-ci4\app\Controllers\Ppdb.php(35): view('admin/ppdb/v_de...', Array)
#5 C:\xampp\htdocs\ppdb-online-ci4\system\CodeIgniter.php(825): App\Controllers\Ppdb->detail('1')
#6 C:\xampp\htdocs\ppdb-online-ci4\system\CodeIgniter.php(412): CodeIgniter\CodeIgniter->runController(Object(App\Controllers\Ppdb))
#7 C:\xampp\htdocs\ppdb-online-ci4\system\CodeIgniter.php(320): CodeIgniter\CodeIgniter->handleRequest(NULL, Object(Config\Cache), false)
#8 C:\xampp\htdocs\ppdb-online-ci4\public\index.php(37): CodeIgniter\CodeIgniter->run()
#9 C:\xampp\htdocs\ppdb-online-ci4\system\Commands\Server\rewrite.php(43): require_once('C:\\xampp\\htdocs...')
#10 {main}
CRITICAL - 2022-01-23 00:29:45 --> Undefined variable: berkas
#0 C:\xampp\htdocs\ppdb-online-ci4\app\Views\admin\ppdb\v_detail.php(515): CodeIgniter\Debug\Exceptions->errorHandler(8, 'Undefined varia...', 'C:\\xampp\\htdocs...', 515, Array)
#1 C:\xampp\htdocs\ppdb-online-ci4\system\View\View.php(210): include('C:\\xampp\\htdocs...')
#2 C:\xampp\htdocs\ppdb-online-ci4\system\View\View.php(213): CodeIgniter\View\View->CodeIgniter\View\{closure}()
#3 C:\xampp\htdocs\ppdb-online-ci4\system\Common.php(1089): CodeIgniter\View\View->render('admin/ppdb/v_de...', Array, true)
#4 C:\xampp\htdocs\ppdb-online-ci4\app\Controllers\Ppdb.php(35): view('admin/ppdb/v_de...', Array)
#5 C:\xampp\htdocs\ppdb-online-ci4\system\CodeIgniter.php(825): App\Controllers\Ppdb->detail('1')
#6 C:\xampp\htdocs\ppdb-online-ci4\system\CodeIgniter.php(412): CodeIgniter\CodeIgniter->runController(Object(App\Controllers\Ppdb))
#7 C:\xampp\htdocs\ppdb-online-ci4\system\CodeIgniter.php(320): CodeIgniter\CodeIgniter->handleRequest(NULL, Object(Config\Cache), false)
#8 C:\xampp\htdocs\ppdb-online-ci4\public\index.php(37): CodeIgniter\CodeIgniter->run()
#9 C:\xampp\htdocs\ppdb-online-ci4\system\Commands\Server\rewrite.php(43): require_once('C:\\xampp\\htdocs...')
#10 {main}
CRITICAL - 2022-01-23 00:30:53 --> Undefined index: ket
#0 C:\xampp\htdocs\ppdb-online-ci4\app\Views\admin\ppdb\v_detail.php(519): CodeIgniter\Debug\Exceptions->errorHandler(8, 'Undefined index...', 'C:\\xampp\\htdocs...', 519, Array)
#1 C:\xampp\htdocs\ppdb-online-ci4\system\View\View.php(210): include('C:\\xampp\\htdocs...')
#2 C:\xampp\htdocs\ppdb-online-ci4\system\View\View.php(213): CodeIgniter\View\View->CodeIgniter\View\{closure}()
#3 C:\xampp\htdocs\ppdb-online-ci4\system\Common.php(1089): CodeIgniter\View\View->render('admin/ppdb/v_de...', Array, true)
#4 C:\xampp\htdocs\ppdb-online-ci4\app\Controllers\Ppdb.php(36): view('admin/ppdb/v_de...', Array)
#5 C:\xampp\htdocs\ppdb-online-ci4\system\CodeIgniter.php(825): App\Controllers\Ppdb->detail('1')
#6 C:\xampp\htdocs\ppdb-online-ci4\system\CodeIgniter.php(412): CodeIgniter\CodeIgniter->runController(Object(App\Controllers\Ppdb))
#7 C:\xampp\htdocs\ppdb-online-ci4\system\CodeIgniter.php(320): CodeIgniter\CodeIgniter->handleRequest(NULL, Object(Config\Cache), false)
#8 C:\xampp\htdocs\ppdb-online-ci4\public\index.php(37): CodeIgniter\CodeIgniter->run()
#9 C:\xampp\htdocs\ppdb-online-ci4\system\Commands\Server\rewrite.php(43): require_once('C:\\xampp\\htdocs...')
#10 {main}
CRITICAL - 2022-01-23 01:38:44 --> Undefined offset: 2
#0 C:\xampp\htdocs\ppdb-online-ci4\app\Views\siswa\v_formulir.php(28): CodeIgniter\Debug\Exceptions->errorHandler(8, 'Undefined offse...', 'C:\\xampp\\htdocs...', 28, Array)
#1 C:\xampp\htdocs\ppdb-online-ci4\app\Views\siswa\v_formulir.php(490): tgl_indo(NULL)
#2 C:\xampp\htdocs\ppdb-online-ci4\system\View\View.php(210): include('C:\\xampp\\htdocs...')
#3 C:\xampp\htdocs\ppdb-online-ci4\system\View\View.php(213): CodeIgniter\View\View->CodeIgniter\View\{closure}()
#4 C:\xampp\htdocs\ppdb-online-ci4\system\Common.php(1089): CodeIgniter\View\View->render('siswa/v_formuli...', Array, true)
#5 C:\xampp\htdocs\ppdb-online-ci4\app\Controllers\Siswa.php(49): view('siswa/v_formuli...', Array)
#6 C:\xampp\htdocs\ppdb-online-ci4\system\CodeIgniter.php(825): App\Controllers\Siswa->index()
#7 C:\xampp\htdocs\ppdb-online-ci4\system\CodeIgniter.php(412): CodeIgniter\CodeIgniter->runController(Object(App\Controllers\Siswa))
#8 C:\xampp\htdocs\ppdb-online-ci4\system\CodeIgniter.php(320): CodeIgniter\CodeIgniter->handleRequest(NULL, Object(Config\Cache), false)
#9 C:\xampp\htdocs\ppdb-online-ci4\public\index.php(37): CodeIgniter\CodeIgniter->run()
#10 C:\xampp\htdocs\ppdb-online-ci4\system\Commands\Server\rewrite.php(43): require_once('C:\\xampp\\htdocs...')
#11 {main}
CRITICAL - 2022-01-23 01:38:53 --> Undefined offset: 2
#0 C:\xampp\htdocs\ppdb-online-ci4\app\Views\siswa\v_formulir.php(28): CodeIgniter\Debug\Exceptions->errorHandler(8, 'Undefined offse...', 'C:\\xampp\\htdocs...', 28, Array)
#1 C:\xampp\htdocs\ppdb-online-ci4\app\Views\siswa\v_formulir.php(490): tgl_indo(NULL)
#2 C:\xampp\htdocs\ppdb-online-ci4\system\View\View.php(210): include('C:\\xampp\\htdocs...')
#3 C:\xampp\htdocs\ppdb-online-ci4\system\View\View.php(213): CodeIgniter\View\View->CodeIgniter\View\{closure}()
#4 C:\xampp\htdocs\ppdb-online-ci4\system\Common.php(1089): CodeIgniter\View\View->render('siswa/v_formuli...', Array, true)
#5 C:\xampp\htdocs\ppdb-online-ci4\app\Controllers\Siswa.php(49): view('siswa/v_formuli...', Array)
#6 C:\xampp\htdocs\ppdb-online-ci4\system\CodeIgniter.php(825): App\Controllers\Siswa->index()
#7 C:\xampp\htdocs\ppdb-online-ci4\system\CodeIgniter.php(412): CodeIgniter\CodeIgniter->runController(Object(App\Controllers\Siswa))
#8 C:\xampp\htdocs\ppdb-online-ci4\system\CodeIgniter.php(320): CodeIgniter\CodeIgniter->handleRequest(NULL, Object(Config\Cache), false)
#9 C:\xampp\htdocs\ppdb-online-ci4\public\index.php(37): CodeIgniter\CodeIgniter->run()
#10 C:\xampp\htdocs\ppdb-online-ci4\system\Commands\Server\rewrite.php(43): require_once('C:\\xampp\\htdocs...')
#11 {main}
CRITICAL - 2022-01-23 01:38:58 --> Undefined offset: 2
#0 C:\xampp\htdocs\ppdb-online-ci4\app\Views\siswa\v_formulir.php(28): CodeIgniter\Debug\Exceptions->errorHandler(8, 'Undefined offse...', 'C:\\xampp\\htdocs...', 28, Array)
#1 C:\xampp\htdocs\ppdb-online-ci4\app\Views\siswa\v_formulir.php(490): tgl_indo(NULL)
#2 C:\xampp\htdocs\ppdb-online-ci4\system\View\View.php(210): include('C:\\xampp\\htdocs...')
#3 C:\xampp\htdocs\ppdb-online-ci4\system\View\View.php(213): CodeIgniter\View\View->CodeIgniter\View\{closure}()
#4 C:\xampp\htdocs\ppdb-online-ci4\system\Common.php(1089): CodeIgniter\View\View->render('siswa/v_formuli...', Array, true)
#5 C:\xampp\htdocs\ppdb-online-ci4\app\Controllers\Siswa.php(49): view('siswa/v_formuli...', Array)
#6 C:\xampp\htdocs\ppdb-online-ci4\system\CodeIgniter.php(825): App\Controllers\Siswa->index()
#7 C:\xampp\htdocs\ppdb-online-ci4\system\CodeIgniter.php(412): CodeIgniter\CodeIgniter->runController(Object(App\Controllers\Siswa))
#8 C:\xampp\htdocs\ppdb-online-ci4\system\CodeIgniter.php(320): CodeIgniter\CodeIgniter->handleRequest(NULL, Object(Config\Cache), false)
#9 C:\xampp\htdocs\ppdb-online-ci4\public\index.php(37): CodeIgniter\CodeIgniter->run()
#10 C:\xampp\htdocs\ppdb-online-ci4\system\Commands\Server\rewrite.php(43): require_once('C:\\xampp\\htdocs...')
#11 {main}
CRITICAL - 2022-01-23 01:39:53 --> Undefined offset: 2
#0 C:\xampp\htdocs\ppdb-online-ci4\app\Views\siswa\v_formulir.php(28): CodeIgniter\Debug\Exceptions->errorHandler(8, 'Undefined offse...', 'C:\\xampp\\htdocs...', 28, Array)
#1 C:\xampp\htdocs\ppdb-online-ci4\app\Views\siswa\v_formulir.php(490): tgl_indo(NULL)
#2 C:\xampp\htdocs\ppdb-online-ci4\system\View\View.php(210): include('C:\\xampp\\htdocs...')
#3 C:\xampp\htdocs\ppdb-online-ci4\system\View\View.php(213): CodeIgniter\View\View->CodeIgniter\View\{closure}()
#4 C:\xampp\htdocs\ppdb-online-ci4\system\Common.php(1089): CodeIgniter\View\View->render('siswa/v_formuli...', Array, true)
#5 C:\xampp\htdocs\ppdb-online-ci4\app\Controllers\Siswa.php(49): view('siswa/v_formuli...', Array)
#6 C:\xampp\htdocs\ppdb-online-ci4\system\CodeIgniter.php(825): App\Controllers\Siswa->index()
#7 C:\xampp\htdocs\ppdb-online-ci4\system\CodeIgniter.php(412): CodeIgniter\CodeIgniter->runController(Object(App\Controllers\Siswa))
#8 C:\xampp\htdocs\ppdb-online-ci4\system\CodeIgniter.php(320): CodeIgniter\CodeIgniter->handleRequest(NULL, Object(Config\Cache), false)
#9 C:\xampp\htdocs\ppdb-online-ci4\public\index.php(37): CodeIgniter\CodeIgniter->run()
#10 C:\xampp\htdocs\ppdb-online-ci4\system\Commands\Server\rewrite.php(43): require_once('C:\\xampp\\htdocs...')
#11 {main}
CRITICAL - 2022-01-23 01:40:28 --> Undefined offset: 2
#0 C:\xampp\htdocs\ppdb-online-ci4\app\Views\siswa\v_formulir.php(28): CodeIgniter\Debug\Exceptions->errorHandler(8, 'Undefined offse...', 'C:\\xampp\\htdocs...', 28, Array)
#1 C:\xampp\htdocs\ppdb-online-ci4\app\Views\siswa\v_formulir.php(490): tgl_indo(NULL)
#2 C:\xampp\htdocs\ppdb-online-ci4\system\View\View.php(210): include('C:\\xampp\\htdocs...')
#3 C:\xampp\htdocs\ppdb-online-ci4\system\View\View.php(213): CodeIgniter\View\View->CodeIgniter\View\{closure}()
#4 C:\xampp\htdocs\ppdb-online-ci4\system\Common.php(1089): CodeIgniter\View\View->render('siswa/v_formuli...', Array, true)
#5 C:\xampp\htdocs\ppdb-online-ci4\app\Controllers\Siswa.php(49): view('siswa/v_formuli...', Array)
#6 C:\xampp\htdocs\ppdb-online-ci4\system\CodeIgniter.php(825): App\Controllers\Siswa->index()
#7 C:\xampp\htdocs\ppdb-online-ci4\system\CodeIgniter.php(412): CodeIgniter\CodeIgniter->runController(Object(App\Controllers\Siswa))
#8 C:\xampp\htdocs\ppdb-online-ci4\system\CodeIgniter.php(320): CodeIgniter\CodeIgniter->handleRequest(NULL, Object(Config\Cache), false)
#9 C:\xampp\htdocs\ppdb-online-ci4\public\index.php(37): CodeIgniter\CodeIgniter->run()
#10 C:\xampp\htdocs\ppdb-online-ci4\system\Commands\Server\rewrite.php(43): require_once('C:\\xampp\\htdocs...')
#11 {main}
CRITICAL - 2022-01-23 01:41:39 --> Trying to access array offset on value of type null
#0 C:\xampp\htdocs\ppdb-online-ci4\app\Views\siswa\v_formulir.php(42): CodeIgniter\Debug\Exceptions->errorHandler(8, 'Trying to acces...', 'C:\\xampp\\htdocs...', 42, Array)
#1 C:\xampp\htdocs\ppdb-online-ci4\system\View\View.php(210): include('C:\\xampp\\htdocs...')
#2 C:\xampp\htdocs\ppdb-online-ci4\system\View\View.php(213): CodeIgniter\View\View->CodeIgniter\View\{closure}()
#3 C:\xampp\htdocs\ppdb-online-ci4\system\Common.php(1089): CodeIgniter\View\View->render('siswa/v_formuli...', Array, true)
#4 C:\xampp\htdocs\ppdb-online-ci4\app\Controllers\Siswa.php(49): view('siswa/v_formuli...', Array)
#5 C:\xampp\htdocs\ppdb-online-ci4\system\CodeIgniter.php(825): App\Controllers\Siswa->index()
#6 C:\xampp\htdocs\ppdb-online-ci4\system\CodeIgniter.php(412): CodeIgniter\CodeIgniter->runController(Object(App\Controllers\Siswa))
#7 C:\xampp\htdocs\ppdb-online-ci4\system\CodeIgniter.php(320): CodeIgniter\CodeIgniter->handleRequest(NULL, Object(Config\Cache), false)
#8 C:\xampp\htdocs\ppdb-online-ci4\public\index.php(37): CodeIgniter\CodeIgniter->run()
#9 C:\xampp\htdocs\ppdb-online-ci4\system\Commands\Server\rewrite.php(43): require_once('C:\\xampp\\htdocs...')
#10 {main}
CRITICAL - 2022-01-23 01:45:05 --> Undefined offset: 2
#0 C:\xampp\htdocs\ppdb-online-ci4\app\Views\siswa\v_formulir.php(28): CodeIgniter\Debug\Exceptions->errorHandler(8, 'Undefined offse...', 'C:\\xampp\\htdocs...', 28, Array)
#1 C:\xampp\htdocs\ppdb-online-ci4\app\Views\siswa\v_formulir.php(490): tgl_indo(NULL)
#2 C:\xampp\htdocs\ppdb-online-ci4\system\View\View.php(210): include('C:\\xampp\\htdocs...')
#3 C:\xampp\htdocs\ppdb-online-ci4\system\View\View.php(213): CodeIgniter\View\View->CodeIgniter\View\{closure}()
#4 C:\xampp\htdocs\ppdb-online-ci4\system\Common.php(1089): CodeIgniter\View\View->render('siswa/v_formuli...', Array, true)
#5 C:\xampp\htdocs\ppdb-online-ci4\app\Controllers\Siswa.php(49): view('siswa/v_formuli...', Array)
#6 C:\xampp\htdocs\ppdb-online-ci4\system\CodeIgniter.php(825): App\Controllers\Siswa->index()
#7 C:\xampp\htdocs\ppdb-online-ci4\system\CodeIgniter.php(412): CodeIgniter\CodeIgniter->runController(Object(App\Controllers\Siswa))
#8 C:\xampp\htdocs\ppdb-online-ci4\system\CodeIgniter.php(320): CodeIgniter\CodeIgniter->handleRequest(NULL, Object(Config\Cache), false)
#9 C:\xampp\htdocs\ppdb-online-ci4\public\index.php(37): CodeIgniter\CodeIgniter->run()
#10 C:\xampp\htdocs\ppdb-online-ci4\system\Commands\Server\rewrite.php(43): require_once('C:\\xampp\\htdocs...')
#11 {main}
CRITICAL - 2022-01-23 01:48:14 --> Undefined offset: 2
#0 C:\xampp\htdocs\ppdb-online-ci4\app\Views\siswa\v_formulir.php(28): CodeIgniter\Debug\Exceptions->errorHandler(8, 'Undefined offse...', 'C:\\xampp\\htdocs...', 28, Array)
#1 C:\xampp\htdocs\ppdb-online-ci4\app\Views\siswa\v_formulir.php(490): tgl_indo(NULL)
#2 C:\xampp\htdocs\ppdb-online-ci4\system\View\View.php(210): include('C:\\xampp\\htdocs...')
#3 C:\xampp\htdocs\ppdb-online-ci4\system\View\View.php(213): CodeIgniter\View\View->CodeIgniter\View\{closure}()
#4 C:\xampp\htdocs\ppdb-online-ci4\system\Common.php(1089): CodeIgniter\View\View->render('siswa/v_formuli...', Array, true)
#5 C:\xampp\htdocs\ppdb-online-ci4\app\Controllers\Siswa.php(49): view('siswa/v_formuli...', Array)
#6 C:\xampp\htdocs\ppdb-online-ci4\system\CodeIgniter.php(825): App\Controllers\Siswa->index()
#7 C:\xampp\htdocs\ppdb-online-ci4\system\CodeIgniter.php(412): CodeIgniter\CodeIgniter->runController(Object(App\Controllers\Siswa))
#8 C:\xampp\htdocs\ppdb-online-ci4\system\CodeIgniter.php(320): CodeIgniter\CodeIgniter->handleRequest(NULL, Object(Config\Cache), false)
#9 C:\xampp\htdocs\ppdb-online-ci4\public\index.php(37): CodeIgniter\CodeIgniter->run()
#10 C:\xampp\htdocs\ppdb-online-ci4\system\Commands\Server\rewrite.php(43): require_once('C:\\xampp\\htdocs...')
#11 {main}
CRITICAL - 2022-01-23 02:01:22 --> Undefined offset: 2
#0 C:\xampp\htdocs\ppdb-online-ci4\app\Views\admin\ppdb\v_detail.php(28): CodeIgniter\Debug\Exceptions->errorHandler(8, 'Undefined offse...', 'C:\\xampp\\htdocs...', 28, Array)
#1 C:\xampp\htdocs\ppdb-online-ci4\app\Views\admin\ppdb\v_detail.php(308): tgl_indo(NULL)
#2 C:\xampp\htdocs\ppdb-online-ci4\system\View\View.php(210): include('C:\\xampp\\htdocs...')
#3 C:\xampp\htdocs\ppdb-online-ci4\system\View\View.php(213): CodeIgniter\View\View->CodeIgniter\View\{closure}()
#4 C:\xampp\htdocs\ppdb-online-ci4\system\Common.php(1089): CodeIgniter\View\View->render('admin/ppdb/v_de...', Array, true)
#5 C:\xampp\htdocs\ppdb-online-ci4\app\Controllers\Ppdb.php(36): view('admin/ppdb/v_de...', Array)
#6 C:\xampp\htdocs\ppdb-online-ci4\system\CodeIgniter.php(825): App\Controllers\Ppdb->detail('8')
#7 C:\xampp\htdocs\ppdb-online-ci4\system\CodeIgniter.php(412): CodeIgniter\CodeIgniter->runController(Object(App\Controllers\Ppdb))
#8 C:\xampp\htdocs\ppdb-online-ci4\system\CodeIgniter.php(320): CodeIgniter\CodeIgniter->handleRequest(NULL, Object(Config\Cache), false)
#9 C:\xampp\htdocs\ppdb-online-ci4\public\index.php(37): CodeIgniter\CodeIgniter->run()
#10 C:\xampp\htdocs\ppdb-online-ci4\system\Commands\Server\rewrite.php(43): require_once('C:\\xampp\\htdocs...')
#11 {main}
CRITICAL - 2022-01-23 08:09:09 --> Undefined variable: setting
#0 C:\xampp\htdocs\ppdb-online-ci4\app\Views\admin\ppdb\v_cetakLaporan.php(8): CodeIgniter\Debug\Exceptions->errorHandler(8, 'Undefined varia...', 'C:\\xampp\\htdocs...', 8, Array)
#1 C:\xampp\htdocs\ppdb-online-ci4\system\View\View.php(210): include('C:\\xampp\\htdocs...')
#2 C:\xampp\htdocs\ppdb-online-ci4\system\View\View.php(213): CodeIgniter\View\View->CodeIgniter\View\{closure}()
#3 C:\xampp\htdocs\ppdb-online-ci4\system\Common.php(1089): CodeIgniter\View\View->render('admin/ppdb/v_ce...', Array, true)
#4 C:\xampp\htdocs\ppdb-online-ci4\app\Controllers\Ppdb.php(103): view('admin/ppdb/v_ce...', Array)
#5 C:\xampp\htdocs\ppdb-online-ci4\system\CodeIgniter.php(825): App\Controllers\Ppdb->cetakLaporan('2022')
#6 C:\xampp\htdocs\ppdb-online-ci4\system\CodeIgniter.php(412): CodeIgniter\CodeIgniter->runController(Object(App\Controllers\Ppdb))
#7 C:\xampp\htdocs\ppdb-online-ci4\system\CodeIgniter.php(320): CodeIgniter\CodeIgniter->handleRequest(NULL, Object(Config\Cache), false)
#8 C:\xampp\htdocs\ppdb-online-ci4\public\index.php(37): CodeIgniter\CodeIgniter->run()
#9 C:\xampp\htdocs\ppdb-online-ci4\system\Commands\Server\rewrite.php(43): require_once('C:\\xampp\\htdocs...')
#10 {main}
ERROR - 2022-01-23 08:22:20 --> Unknown column 'tbl_siswa.tahun' in 'where clause'
CRITICAL - 2022-01-23 08:22:20 --> Unknown column 'tbl_siswa.tahun' in 'where clause'
#0 C:\xampp\htdocs\ppdb-online-ci4\system\Database\MySQLi\Connection.php(292): mysqli->query('SELECT *\nFROM `...', 0)
#1 C:\xampp\htdocs\ppdb-online-ci4\system\Database\BaseConnection.php(670): CodeIgniter\Database\MySQLi\Connection->execute('SELECT *\nFROM `...')
#2 C:\xampp\htdocs\ppdb-online-ci4\system\Database\BaseConnection.php(598): CodeIgniter\Database\BaseConnection->simpleQuery('SELECT *\nFROM `...')
#3 C:\xampp\htdocs\ppdb-online-ci4\system\Database\BaseBuilder.php(1455): CodeIgniter\Database\BaseConnection->query('SELECT *\nFROM `...', Array, false)
#4 C:\xampp\htdocs\ppdb-online-ci4\app\Models\ModelPpdb.php(104): CodeIgniter\Database\BaseBuilder->get()
#5 C:\xampp\htdocs\ppdb-online-ci4\app\Controllers\Ppdb.php(103): App\Models\ModelPpdb->getDataLaporan('2022')
#6 C:\xampp\htdocs\ppdb-online-ci4\system\CodeIgniter.php(825): App\Controllers\Ppdb->cetakLaporan('2022')
#7 C:\xampp\htdocs\ppdb-online-ci4\system\CodeIgniter.php(412): CodeIgniter\CodeIgniter->runController(Object(App\Controllers\Ppdb))
#8 C:\xampp\htdocs\ppdb-online-ci4\system\CodeIgniter.php(320): CodeIgniter\CodeIgniter->handleRequest(NULL, Object(Config\Cache), false)
#9 C:\xampp\htdocs\ppdb-online-ci4\public\index.php(37): CodeIgniter\CodeIgniter->run()
#10 C:\xampp\htdocs\ppdb-online-ci4\system\Commands\Server\rewrite.php(43): require_once('C:\\xampp\\htdocs...')
#11 {main}
CRITICAL - 2022-01-23 08:26:26 --> Undefined index: jalur
#0 C:\xampp\htdocs\ppdb-online-ci4\app\Views\admin\ppdb\v_cetakLaporan.php(88): CodeIgniter\Debug\Exceptions->errorHandler(8, 'Undefined index...', 'C:\\xampp\\htdocs...', 88, Array)
#1 C:\xampp\htdocs\ppdb-online-ci4\system\View\View.php(210): include('C:\\xampp\\htdocs...')
#2 C:\xampp\htdocs\ppdb-online-ci4\system\View\View.php(213): CodeIgniter\View\View->CodeIgniter\View\{closure}()
#3 C:\xampp\htdocs\ppdb-online-ci4\system\Common.php(1089): CodeIgniter\View\View->render('admin/ppdb/v_ce...', Array, true)
#4 C:\xampp\htdocs\ppdb-online-ci4\app\Controllers\Ppdb.php(107): view('admin/ppdb/v_ce...', Array)
#5 C:\xampp\htdocs\ppdb-online-ci4\system\CodeIgniter.php(825): App\Controllers\Ppdb->cetakLaporan('2022')
#6 C:\xampp\htdocs\ppdb-online-ci4\system\CodeIgniter.php(412): CodeIgniter\CodeIgniter->runController(Object(App\Controllers\Ppdb))
#7 C:\xampp\htdocs\ppdb-online-ci4\system\CodeIgniter.php(320): CodeIgniter\CodeIgniter->handleRequest(NULL, Object(Config\Cache), false)
#8 C:\xampp\htdocs\ppdb-online-ci4\public\index.php(37): CodeIgniter\CodeIgniter->run()
#9 C:\xampp\htdocs\ppdb-online-ci4\system\Commands\Server\rewrite.php(43): require_once('C:\\xampp\\htdocs...')
#10 {main}
