CRITICAL - 2022-01-15 03:04:28 --> Undefined variable: agama
#0 C:\xampp\htdocs\ppdb-online-ci4\app\Views\admin\v_lampiran.php(31): CodeIgniter\Debug\Exceptions->errorHandler(8, 'Undefined varia...', 'C:\\xampp\\htdocs...', 31, Array)
#1 C:\xampp\htdocs\ppdb-online-ci4\system\View\View.php(210): include('C:\\xampp\\htdocs...')
#2 C:\xampp\htdocs\ppdb-online-ci4\system\View\View.php(213): CodeIgniter\View\View->CodeIgniter\View\{closure}()
#3 C:\xampp\htdocs\ppdb-online-ci4\system\Common.php(1089): CodeIgniter\View\View->render('admin/v_lampira...', Array, true)
#4 C:\xampp\htdocs\ppdb-online-ci4\app\Controllers\Lampiran.php(23): view('admin/v_lampira...', Array)
#5 C:\xampp\htdocs\ppdb-online-ci4\system\CodeIgniter.php(825): App\Controllers\Lampiran->index()
#6 C:\xampp\htdocs\ppdb-online-ci4\system\CodeIgniter.php(412): CodeIgniter\CodeIgniter->runController(Object(App\Controllers\Lampiran))
#7 C:\xampp\htdocs\ppdb-online-ci4\system\CodeIgniter.php(320): CodeIgniter\CodeIgniter->handleRequest(NULL, Object(Config\Cache), false)
#8 C:\xampp\htdocs\ppdb-online-ci4\public\index.php(37): CodeIgniter\CodeIgniter->run()
#9 C:\xampp\htdocs\ppdb-online-ci4\system\Commands\Server\rewrite.php(43): require_once('C:\\xampp\\htdocs...')
#10 {main}
CRITICAL - 2022-01-15 03:23:52 --> Call to undefined function tgl_indo()
#0 C:\xampp\htdocs\ppdb-online-ci4\system\View\View.php(210): include()
#1 C:\xampp\htdocs\ppdb-online-ci4\system\View\View.php(213): CodeIgniter\View\View->CodeIgniter\View\{closure}()
#2 C:\xampp\htdocs\ppdb-online-ci4\system\Common.php(1089): CodeIgniter\View\View->render('siswa/v_dashboa...', Array, true)
#3 C:\xampp\htdocs\ppdb-online-ci4\app\Controllers\Siswa.php(23): view('siswa/v_dashboa...', Array)
#4 C:\xampp\htdocs\ppdb-online-ci4\system\CodeIgniter.php(825): App\Controllers\Siswa->index()
#5 C:\xampp\htdocs\ppdb-online-ci4\system\CodeIgniter.php(412): CodeIgniter\CodeIgniter->runController(Object(App\Controllers\Siswa))
#6 C:\xampp\htdocs\ppdb-online-ci4\system\CodeIgniter.php(320): CodeIgniter\CodeIgniter->handleRequest(NULL, Object(Config\Cache), false)
#7 C:\xampp\htdocs\ppdb-online-ci4\public\index.php(37): CodeIgniter\CodeIgniter->run()
#8 C:\xampp\htdocs\ppdb-online-ci4\system\Commands\Server\rewrite.php(43): require_once('C:\\xampp\\htdocs...')
#9 {main}
CRITICAL - 2022-01-15 03:24:32 --> Call to undefined function tgl_indo()
#0 C:\xampp\htdocs\ppdb-online-ci4\system\View\View.php(210): include()
#1 C:\xampp\htdocs\ppdb-online-ci4\system\View\View.php(213): CodeIgniter\View\View->CodeIgniter\View\{closure}()
#2 C:\xampp\htdocs\ppdb-online-ci4\system\Common.php(1089): CodeIgniter\View\View->render('siswa/v_dashboa...', Array, true)
#3 C:\xampp\htdocs\ppdb-online-ci4\app\Controllers\Siswa.php(23): view('siswa/v_dashboa...', Array)
#4 C:\xampp\htdocs\ppdb-online-ci4\system\CodeIgniter.php(825): App\Controllers\Siswa->index()
#5 C:\xampp\htdocs\ppdb-online-ci4\system\CodeIgniter.php(412): CodeIgniter\CodeIgniter->runController(Object(App\Controllers\Siswa))
#6 C:\xampp\htdocs\ppdb-online-ci4\system\CodeIgniter.php(320): CodeIgniter\CodeIgniter->handleRequest(NULL, Object(Config\Cache), false)
#7 C:\xampp\htdocs\ppdb-online-ci4\public\index.php(37): CodeIgniter\CodeIgniter->run()
#8 C:\xampp\htdocs\ppdb-online-ci4\system\Commands\Server\rewrite.php(43): require_once('C:\\xampp\\htdocs...')
#9 {main}
CRITICAL - 2022-01-15 04:36:41 --> Argument 1 passed to CodeIgniter\Database\BaseBuilder::update() must be of the type array or null, int given, called in C:\xampp\htdocs\ppdb-online-ci4\app\Models\ModelJalurMasuk.php on line 34
#0 C:\xampp\htdocs\ppdb-online-ci4\app\Models\ModelJalurMasuk.php(34): CodeIgniter\Database\BaseBuilder->update(0)
#1 C:\xampp\htdocs\ppdb-online-ci4\app\Controllers\Siswa.php(40): App\Models\ModelJalurMasuk->updateData(0, '3')
#2 C:\xampp\htdocs\ppdb-online-ci4\system\CodeIgniter.php(825): App\Controllers\Siswa->updatePendaftaran('11')
#3 C:\xampp\htdocs\ppdb-online-ci4\system\CodeIgniter.php(412): CodeIgniter\CodeIgniter->runController(Object(App\Controllers\Siswa))
#4 C:\xampp\htdocs\ppdb-online-ci4\system\CodeIgniter.php(320): CodeIgniter\CodeIgniter->handleRequest(NULL, Object(Config\Cache), false)
#5 C:\xampp\htdocs\ppdb-online-ci4\public\index.php(37): CodeIgniter\CodeIgniter->run()
#6 C:\xampp\htdocs\ppdb-online-ci4\system\Commands\Server\rewrite.php(43): require_once('C:\\xampp\\htdocs...')
#7 {main}
CRITICAL - 2022-01-15 04:37:45 --> Argument 1 passed to CodeIgniter\Database\BaseBuilder::update() must be of the type array or null, int given, called in C:\xampp\htdocs\ppdb-online-ci4\app\Models\ModelJalurMasuk.php on line 34
#0 C:\xampp\htdocs\ppdb-online-ci4\app\Models\ModelJalurMasuk.php(34): CodeIgniter\Database\BaseBuilder->update(0)
#1 C:\xampp\htdocs\ppdb-online-ci4\app\Controllers\Siswa.php(40): App\Models\ModelJalurMasuk->updateData(0, Array)
#2 C:\xampp\htdocs\ppdb-online-ci4\system\CodeIgniter.php(825): App\Controllers\Siswa->updatePendaftaran('11')
#3 C:\xampp\htdocs\ppdb-online-ci4\system\CodeIgniter.php(412): CodeIgniter\CodeIgniter->runController(Object(App\Controllers\Siswa))
#4 C:\xampp\htdocs\ppdb-online-ci4\system\CodeIgniter.php(320): CodeIgniter\CodeIgniter->handleRequest(NULL, Object(Config\Cache), false)
#5 C:\xampp\htdocs\ppdb-online-ci4\public\index.php(37): CodeIgniter\CodeIgniter->run()
#6 C:\xampp\htdocs\ppdb-online-ci4\system\Commands\Server\rewrite.php(43): require_once('C:\\xampp\\htdocs...')
#7 {main}
CRITICAL - 2022-01-15 04:38:32 --> Argument 1 passed to CodeIgniter\Database\BaseBuilder::update() must be of the type array or null, int given, called in C:\xampp\htdocs\ppdb-online-ci4\app\Models\ModelJalurMasuk.php on line 34
#0 C:\xampp\htdocs\ppdb-online-ci4\app\Models\ModelJalurMasuk.php(34): CodeIgniter\Database\BaseBuilder->update(0)
#1 C:\xampp\htdocs\ppdb-online-ci4\app\Controllers\Siswa.php(39): App\Models\ModelJalurMasuk->updateData(0, Array)
#2 C:\xampp\htdocs\ppdb-online-ci4\system\CodeIgniter.php(825): App\Controllers\Siswa->updatePendaftaran('11')
#3 C:\xampp\htdocs\ppdb-online-ci4\system\CodeIgniter.php(412): CodeIgniter\CodeIgniter->runController(Object(App\Controllers\Siswa))
#4 C:\xampp\htdocs\ppdb-online-ci4\system\CodeIgniter.php(320): CodeIgniter\CodeIgniter->handleRequest(NULL, Object(Config\Cache), false)
#5 C:\xampp\htdocs\ppdb-online-ci4\public\index.php(37): CodeIgniter\CodeIgniter->run()
#6 C:\xampp\htdocs\ppdb-online-ci4\system\Commands\Server\rewrite.php(43): require_once('C:\\xampp\\htdocs...')
#7 {main}
CRITICAL - 2022-01-15 04:39:19 --> Argument 1 passed to CodeIgniter\Database\BaseBuilder::update() must be of the type array or null, int given, called in C:\xampp\htdocs\ppdb-online-ci4\app\Models\ModelJalurMasuk.php on line 34
#0 C:\xampp\htdocs\ppdb-online-ci4\app\Models\ModelJalurMasuk.php(34): CodeIgniter\Database\BaseBuilder->update(0)
#1 C:\xampp\htdocs\ppdb-online-ci4\app\Controllers\Siswa.php(39): App\Models\ModelJalurMasuk->updateData(0, Array)
#2 C:\xampp\htdocs\ppdb-online-ci4\system\CodeIgniter.php(825): App\Controllers\Siswa->updatePendaftaran('11')
#3 C:\xampp\htdocs\ppdb-online-ci4\system\CodeIgniter.php(412): CodeIgniter\CodeIgniter->runController(Object(App\Controllers\Siswa))
#4 C:\xampp\htdocs\ppdb-online-ci4\system\CodeIgniter.php(320): CodeIgniter\CodeIgniter->handleRequest(NULL, Object(Config\Cache), false)
#5 C:\xampp\htdocs\ppdb-online-ci4\public\index.php(37): CodeIgniter\CodeIgniter->run()
#6 C:\xampp\htdocs\ppdb-online-ci4\system\Commands\Server\rewrite.php(43): require_once('C:\\xampp\\htdocs...')
#7 {main}
CRITICAL - 2022-01-15 04:41:46 --> You must use the "set" method to update an entry.
#0 C:\xampp\htdocs\ppdb-online-ci4\system\Database\BaseBuilder.php(1892): CodeIgniter\Database\BaseBuilder->validateUpdate()
#1 C:\xampp\htdocs\ppdb-online-ci4\app\Models\ModelJalurMasuk.php(34): CodeIgniter\Database\BaseBuilder->update(NULL)
#2 C:\xampp\htdocs\ppdb-online-ci4\app\Controllers\Siswa.php(44): App\Models\ModelJalurMasuk->updateData(NULL, Array)
#3 C:\xampp\htdocs\ppdb-online-ci4\system\CodeIgniter.php(825): App\Controllers\Siswa->updatePendaftaran('11')
#4 C:\xampp\htdocs\ppdb-online-ci4\system\CodeIgniter.php(412): CodeIgniter\CodeIgniter->runController(Object(App\Controllers\Siswa))
#5 C:\xampp\htdocs\ppdb-online-ci4\system\CodeIgniter.php(320): CodeIgniter\CodeIgniter->handleRequest(NULL, Object(Config\Cache), false)
#6 C:\xampp\htdocs\ppdb-online-ci4\public\index.php(37): CodeIgniter\CodeIgniter->run()
#7 C:\xampp\htdocs\ppdb-online-ci4\system\Commands\Server\rewrite.php(43): require_once('C:\\xampp\\htdocs...')
#8 {main}
CRITICAL - 2022-01-15 04:42:59 --> You must use the "set" method to update an entry.
#0 C:\xampp\htdocs\ppdb-online-ci4\system\Database\BaseBuilder.php(1892): CodeIgniter\Database\BaseBuilder->validateUpdate()
#1 C:\xampp\htdocs\ppdb-online-ci4\app\Models\ModelJalurMasuk.php(34): CodeIgniter\Database\BaseBuilder->update(NULL)
#2 C:\xampp\htdocs\ppdb-online-ci4\app\Controllers\Siswa.php(44): App\Models\ModelJalurMasuk->updateData(NULL, Array)
#3 C:\xampp\htdocs\ppdb-online-ci4\system\CodeIgniter.php(825): App\Controllers\Siswa->updatePendaftaran('11')
#4 C:\xampp\htdocs\ppdb-online-ci4\system\CodeIgniter.php(412): CodeIgniter\CodeIgniter->runController(Object(App\Controllers\Siswa))
#5 C:\xampp\htdocs\ppdb-online-ci4\system\CodeIgniter.php(320): CodeIgniter\CodeIgniter->handleRequest(NULL, Object(Config\Cache), false)
#6 C:\xampp\htdocs\ppdb-online-ci4\public\index.php(37): CodeIgniter\CodeIgniter->run()
#7 C:\xampp\htdocs\ppdb-online-ci4\system\Commands\Server\rewrite.php(43): require_once('C:\\xampp\\htdocs...')
#8 {main}
CRITICAL - 2022-01-15 04:43:54 --> You must use the "set" method to update an entry.
#0 C:\xampp\htdocs\ppdb-online-ci4\system\Database\BaseBuilder.php(1892): CodeIgniter\Database\BaseBuilder->validateUpdate()
#1 C:\xampp\htdocs\ppdb-online-ci4\app\Models\ModelJalurMasuk.php(34): CodeIgniter\Database\BaseBuilder->update(NULL)
#2 C:\xampp\htdocs\ppdb-online-ci4\app\Controllers\Siswa.php(45): App\Models\ModelJalurMasuk->updateData(NULL, Array)
#3 C:\xampp\htdocs\ppdb-online-ci4\system\CodeIgniter.php(825): App\Controllers\Siswa->updatePendaftaran('11')
#4 C:\xampp\htdocs\ppdb-online-ci4\system\CodeIgniter.php(412): CodeIgniter\CodeIgniter->runController(Object(App\Controllers\Siswa))
#5 C:\xampp\htdocs\ppdb-online-ci4\system\CodeIgniter.php(320): CodeIgniter\CodeIgniter->handleRequest(NULL, Object(Config\Cache), false)
#6 C:\xampp\htdocs\ppdb-online-ci4\public\index.php(37): CodeIgniter\CodeIgniter->run()
#7 C:\xampp\htdocs\ppdb-online-ci4\system\Commands\Server\rewrite.php(43): require_once('C:\\xampp\\htdocs...')
#8 {main}
CRITICAL - 2022-01-15 04:44:45 --> You must use the "set" method to update an entry.
#0 C:\xampp\htdocs\ppdb-online-ci4\system\Database\BaseBuilder.php(1892): CodeIgniter\Database\BaseBuilder->validateUpdate()
#1 C:\xampp\htdocs\ppdb-online-ci4\app\Models\ModelJalurMasuk.php(34): CodeIgniter\Database\BaseBuilder->update(NULL)
#2 C:\xampp\htdocs\ppdb-online-ci4\app\Controllers\Siswa.php(45): App\Models\ModelJalurMasuk->updateData(NULL, '3')
#3 C:\xampp\htdocs\ppdb-online-ci4\system\CodeIgniter.php(825): App\Controllers\Siswa->updatePendaftaran('11')
#4 C:\xampp\htdocs\ppdb-online-ci4\system\CodeIgniter.php(412): CodeIgniter\CodeIgniter->runController(Object(App\Controllers\Siswa))
#5 C:\xampp\htdocs\ppdb-online-ci4\system\CodeIgniter.php(320): CodeIgniter\CodeIgniter->handleRequest(NULL, Object(Config\Cache), false)
#6 C:\xampp\htdocs\ppdb-online-ci4\public\index.php(37): CodeIgniter\CodeIgniter->run()
#7 C:\xampp\htdocs\ppdb-online-ci4\system\Commands\Server\rewrite.php(43): require_once('C:\\xampp\\htdocs...')
#8 {main}
CRITICAL - 2022-01-15 04:45:10 --> You must use the "set" method to update an entry.
#0 C:\xampp\htdocs\ppdb-online-ci4\system\Database\BaseBuilder.php(1892): CodeIgniter\Database\BaseBuilder->validateUpdate()
#1 C:\xampp\htdocs\ppdb-online-ci4\app\Models\ModelJalurMasuk.php(34): CodeIgniter\Database\BaseBuilder->update(NULL)
#2 C:\xampp\htdocs\ppdb-online-ci4\app\Controllers\Siswa.php(45): App\Models\ModelJalurMasuk->updateData(NULL, '3')
#3 C:\xampp\htdocs\ppdb-online-ci4\system\CodeIgniter.php(825): App\Controllers\Siswa->updatePendaftaran('11')
#4 C:\xampp\htdocs\ppdb-online-ci4\system\CodeIgniter.php(412): CodeIgniter\CodeIgniter->runController(Object(App\Controllers\Siswa))
#5 C:\xampp\htdocs\ppdb-online-ci4\system\CodeIgniter.php(320): CodeIgniter\CodeIgniter->handleRequest(NULL, Object(Config\Cache), false)
#6 C:\xampp\htdocs\ppdb-online-ci4\public\index.php(37): CodeIgniter\CodeIgniter->run()
#7 C:\xampp\htdocs\ppdb-online-ci4\system\Commands\Server\rewrite.php(43): require_once('C:\\xampp\\htdocs...')
#8 {main}
CRITICAL - 2022-01-15 05:13:00 --> Undefined property: App\Controllers\Siswa::$db
#0 C:\xampp\htdocs\ppdb-online-ci4\app\Controllers\Siswa.php(40): CodeIgniter\Debug\Exceptions->errorHandler(8, 'Undefined prope...', 'C:\\xampp\\htdocs...', 40, Array)
#1 C:\xampp\htdocs\ppdb-online-ci4\system\CodeIgniter.php(825): App\Controllers\Siswa->updatePendaftaran('11')
#2 C:\xampp\htdocs\ppdb-online-ci4\system\CodeIgniter.php(412): CodeIgniter\CodeIgniter->runController(Object(App\Controllers\Siswa))
#3 C:\xampp\htdocs\ppdb-online-ci4\system\CodeIgniter.php(320): CodeIgniter\CodeIgniter->handleRequest(NULL, Object(Config\Cache), false)
#4 C:\xampp\htdocs\ppdb-online-ci4\public\index.php(37): CodeIgniter\CodeIgniter->run()
#5 C:\xampp\htdocs\ppdb-online-ci4\system\Commands\Server\rewrite.php(43): require_once('C:\\xampp\\htdocs...')
#6 {main}
CRITICAL - 2022-01-15 05:58:20 --> Undefined index: id_banner
#0 C:\xampp\htdocs\ppdb-online-ci4\app\Views\siswa\v_dashboard.php(468): CodeIgniter\Debug\Exceptions->errorHandler(8, 'Undefined index...', 'C:\\xampp\\htdocs...', 468, Array)
#1 C:\xampp\htdocs\ppdb-online-ci4\system\View\View.php(210): include('C:\\xampp\\htdocs...')
#2 C:\xampp\htdocs\ppdb-online-ci4\system\View\View.php(213): CodeIgniter\View\View->CodeIgniter\View\{closure}()
#3 C:\xampp\htdocs\ppdb-online-ci4\system\Common.php(1089): CodeIgniter\View\View->render('siswa/v_dashboa...', Array, true)
#4 C:\xampp\htdocs\ppdb-online-ci4\app\Controllers\Siswa.php(26): view('siswa/v_dashboa...', Array)
#5 C:\xampp\htdocs\ppdb-online-ci4\system\CodeIgniter.php(825): App\Controllers\Siswa->index()
#6 C:\xampp\htdocs\ppdb-online-ci4\system\CodeIgniter.php(412): CodeIgniter\CodeIgniter->runController(Object(App\Controllers\Siswa))
#7 C:\xampp\htdocs\ppdb-online-ci4\system\CodeIgniter.php(320): CodeIgniter\CodeIgniter->handleRequest(NULL, Object(Config\Cache), false)
#8 C:\xampp\htdocs\ppdb-online-ci4\public\index.php(37): CodeIgniter\CodeIgniter->run()
#9 C:\xampp\htdocs\ppdb-online-ci4\system\Commands\Server\rewrite.php(43): require_once('C:\\xampp\\htdocs...')
#10 {main}
CRITICAL - 2022-01-15 05:58:43 --> Undefined index: id_banner
#0 C:\xampp\htdocs\ppdb-online-ci4\app\Views\siswa\v_dashboard.php(477): CodeIgniter\Debug\Exceptions->errorHandler(8, 'Undefined index...', 'C:\\xampp\\htdocs...', 477, Array)
#1 C:\xampp\htdocs\ppdb-online-ci4\system\View\View.php(210): include('C:\\xampp\\htdocs...')
#2 C:\xampp\htdocs\ppdb-online-ci4\system\View\View.php(213): CodeIgniter\View\View->CodeIgniter\View\{closure}()
#3 C:\xampp\htdocs\ppdb-online-ci4\system\Common.php(1089): CodeIgniter\View\View->render('siswa/v_dashboa...', Array, true)
#4 C:\xampp\htdocs\ppdb-online-ci4\app\Controllers\Siswa.php(26): view('siswa/v_dashboa...', Array)
#5 C:\xampp\htdocs\ppdb-online-ci4\system\CodeIgniter.php(825): App\Controllers\Siswa->index()
#6 C:\xampp\htdocs\ppdb-online-ci4\system\CodeIgniter.php(412): CodeIgniter\CodeIgniter->runController(Object(App\Controllers\Siswa))
#7 C:\xampp\htdocs\ppdb-online-ci4\system\CodeIgniter.php(320): CodeIgniter\CodeIgniter->handleRequest(NULL, Object(Config\Cache), false)
#8 C:\xampp\htdocs\ppdb-online-ci4\public\index.php(37): CodeIgniter\CodeIgniter->run()
#9 C:\xampp\htdocs\ppdb-online-ci4\system\Commands\Server\rewrite.php(43): require_once('C:\\xampp\\htdocs...')
#10 {main}
CRITICAL - 2022-01-15 06:21:29 --> unlink(C:\xampp\htdocs\ppdb-online-ci4\public\foto/siswa/noimage.png): No such file or directory
#0 [internal function]: CodeIgniter\Debug\Exceptions->errorHandler(2, 'unlink(C:\\xampp...', 'C:\\xampp\\htdocs...', 54, Array)
#1 C:\xampp\htdocs\ppdb-online-ci4\app\Controllers\Siswa.php(54): unlink('C:\\xampp\\htdocs...')
#2 C:\xampp\htdocs\ppdb-online-ci4\system\CodeIgniter.php(825): App\Controllers\Siswa->updateFoto('11')
#3 C:\xampp\htdocs\ppdb-online-ci4\system\CodeIgniter.php(412): CodeIgniter\CodeIgniter->runController(Object(App\Controllers\Siswa))
#4 C:\xampp\htdocs\ppdb-online-ci4\system\CodeIgniter.php(320): CodeIgniter\CodeIgniter->handleRequest(NULL, Object(Config\Cache), false)
#5 C:\xampp\htdocs\ppdb-online-ci4\public\index.php(37): CodeIgniter\CodeIgniter->run()
#6 C:\xampp\htdocs\ppdb-online-ci4\system\Commands\Server\rewrite.php(43): require_once('C:\\xampp\\htdocs...')
#7 {main}
CRITICAL - 2022-01-15 06:22:41 --> unlink(foto/siswa/noimage.png): No such file or directory
#0 [internal function]: CodeIgniter\Debug\Exceptions->errorHandler(2, 'unlink(foto/sis...', 'C:\\xampp\\htdocs...', 54, Array)
#1 C:\xampp\htdocs\ppdb-online-ci4\app\Controllers\Siswa.php(54): unlink('foto/siswa/noim...')
#2 C:\xampp\htdocs\ppdb-online-ci4\system\CodeIgniter.php(825): App\Controllers\Siswa->updateFoto('11')
#3 C:\xampp\htdocs\ppdb-online-ci4\system\CodeIgniter.php(412): CodeIgniter\CodeIgniter->runController(Object(App\Controllers\Siswa))
#4 C:\xampp\htdocs\ppdb-online-ci4\system\CodeIgniter.php(320): CodeIgniter\CodeIgniter->handleRequest(NULL, Object(Config\Cache), false)
#5 C:\xampp\htdocs\ppdb-online-ci4\public\index.php(37): CodeIgniter\CodeIgniter->run()
#6 C:\xampp\htdocs\ppdb-online-ci4\system\Commands\Server\rewrite.php(43): require_once('C:\\xampp\\htdocs...')
#7 {main}
CRITICAL - 2022-01-15 20:50:59 --> Undefined index: agama
#0 C:\xampp\htdocs\ppdb-online-ci4\app\Views\siswa\v_dashboard.php(159): CodeIgniter\Debug\Exceptions->errorHandler(8, 'Undefined index...', 'C:\\xampp\\htdocs...', 159, Array)
#1 C:\xampp\htdocs\ppdb-online-ci4\system\View\View.php(210): include('C:\\xampp\\htdocs...')
#2 C:\xampp\htdocs\ppdb-online-ci4\system\View\View.php(213): CodeIgniter\View\View->CodeIgniter\View\{closure}()
#3 C:\xampp\htdocs\ppdb-online-ci4\system\Common.php(1089): CodeIgniter\View\View->render('siswa/v_dashboa...', Array, true)
#4 C:\xampp\htdocs\ppdb-online-ci4\app\Controllers\Siswa.php(30): view('siswa/v_dashboa...', Array)
#5 C:\xampp\htdocs\ppdb-online-ci4\system\CodeIgniter.php(825): App\Controllers\Siswa->index()
#6 C:\xampp\htdocs\ppdb-online-ci4\system\CodeIgniter.php(412): CodeIgniter\CodeIgniter->runController(Object(App\Controllers\Siswa))
#7 C:\xampp\htdocs\ppdb-online-ci4\system\CodeIgniter.php(320): CodeIgniter\CodeIgniter->handleRequest(NULL, Object(Config\Cache), false)
#8 C:\xampp\htdocs\ppdb-online-ci4\public\index.php(37): CodeIgniter\CodeIgniter->run()
#9 C:\xampp\htdocs\ppdb-online-ci4\system\Commands\Server\rewrite.php(43): require_once('C:\\xampp\\htdocs...')
#10 {main}
CRITICAL - 2022-01-15 20:55:48 --> Undefined index: agama
#0 C:\xampp\htdocs\ppdb-online-ci4\app\Views\siswa\v_dashboard.php(159): CodeIgniter\Debug\Exceptions->errorHandler(8, 'Undefined index...', 'C:\\xampp\\htdocs...', 159, Array)
#1 C:\xampp\htdocs\ppdb-online-ci4\system\View\View.php(210): include('C:\\xampp\\htdocs...')
#2 C:\xampp\htdocs\ppdb-online-ci4\system\View\View.php(213): CodeIgniter\View\View->CodeIgniter\View\{closure}()
#3 C:\xampp\htdocs\ppdb-online-ci4\system\Common.php(1089): CodeIgniter\View\View->render('siswa/v_dashboa...', Array, true)
#4 C:\xampp\htdocs\ppdb-online-ci4\app\Controllers\Siswa.php(30): view('siswa/v_dashboa...', Array)
#5 C:\xampp\htdocs\ppdb-online-ci4\system\CodeIgniter.php(825): App\Controllers\Siswa->index()
#6 C:\xampp\htdocs\ppdb-online-ci4\system\CodeIgniter.php(412): CodeIgniter\CodeIgniter->runController(Object(App\Controllers\Siswa))
#7 C:\xampp\htdocs\ppdb-online-ci4\system\CodeIgniter.php(320): CodeIgniter\CodeIgniter->handleRequest(NULL, Object(Config\Cache), false)
#8 C:\xampp\htdocs\ppdb-online-ci4\public\index.php(37): CodeIgniter\CodeIgniter->run()
#9 C:\xampp\htdocs\ppdb-online-ci4\system\Commands\Server\rewrite.php(43): require_once('C:\\xampp\\htdocs...')
#10 {main}
