CRITICAL - 2022-01-22 01:22:52 --> Undefined index: ket
#0 C:\xampp\htdocs\ppdb-online-ci4\app\Views\siswa\v_formulir.php(1383): CodeIgniter\Debug\Exceptions->errorHandler(8, 'Undefined index...', 'C:\\xampp\\htdocs...', 1383, Array)
#1 C:\xampp\htdocs\ppdb-online-ci4\system\View\View.php(210): include('C:\\xampp\\htdocs...')
#2 C:\xampp\htdocs\ppdb-online-ci4\system\View\View.php(213): CodeIgniter\View\View->CodeIgniter\View\{closure}()
#3 C:\xampp\htdocs\ppdb-online-ci4\system\Common.php(1089): CodeIgniter\View\View->render('siswa/v_formuli...', Array, true)
#4 C:\xampp\htdocs\ppdb-online-ci4\app\Controllers\Siswa.php(43): view('siswa/v_formuli...', Array)
#5 C:\xampp\htdocs\ppdb-online-ci4\system\CodeIgniter.php(825): App\Controllers\Siswa->index()
#6 C:\xampp\htdocs\ppdb-online-ci4\system\CodeIgniter.php(412): CodeIgniter\CodeIgniter->runController(Object(App\Controllers\Siswa))
#7 C:\xampp\htdocs\ppdb-online-ci4\system\CodeIgniter.php(320): CodeIgniter\CodeIgniter->handleRequest(NULL, Object(Config\Cache), false)
#8 C:\xampp\htdocs\ppdb-online-ci4\public\index.php(37): CodeIgniter\CodeIgniter->run()
#9 C:\xampp\htdocs\ppdb-online-ci4\system\Commands\Server\rewrite.php(43): require_once('C:\\xampp\\htdocs...')
#10 {main}
CRITICAL - 2022-01-22 06:24:36 --> Undefined index: stts_pendaftaran
#0 C:\xampp\htdocs\ppdb-online-ci4\app\Views\siswa\v_formulir.php(129): CodeIgniter\Debug\Exceptions->errorHandler(8, 'Undefined index...', 'C:\\xampp\\htdocs...', 129, Array)
#1 C:\xampp\htdocs\ppdb-online-ci4\system\View\View.php(210): include('C:\\xampp\\htdocs...')
#2 C:\xampp\htdocs\ppdb-online-ci4\system\View\View.php(213): CodeIgniter\View\View->CodeIgniter\View\{closure}()
#3 C:\xampp\htdocs\ppdb-online-ci4\system\Common.php(1089): CodeIgniter\View\View->render('siswa/v_formuli...', Array, true)
#4 C:\xampp\htdocs\ppdb-online-ci4\app\Controllers\Siswa.php(46): view('siswa/v_formuli...', Array)
#5 C:\xampp\htdocs\ppdb-online-ci4\system\CodeIgniter.php(825): App\Controllers\Siswa->index()
#6 C:\xampp\htdocs\ppdb-online-ci4\system\CodeIgniter.php(412): CodeIgniter\CodeIgniter->runController(Object(App\Controllers\Siswa))
#7 C:\xampp\htdocs\ppdb-online-ci4\system\CodeIgniter.php(320): CodeIgniter\CodeIgniter->handleRequest(NULL, Object(Config\Cache), false)
#8 C:\xampp\htdocs\ppdb-online-ci4\public\index.php(37): CodeIgniter\CodeIgniter->run()
#9 C:\xampp\htdocs\ppdb-online-ci4\system\Commands\Server\rewrite.php(43): require_once('C:\\xampp\\htdocs...')
#10 {main}
CRITICAL - 2022-01-22 06:31:40 --> Undefined variable: jm
#0 C:\xampp\htdocs\ppdb-online-ci4\app\Views\v_pendaftaran.php(73): CodeIgniter\Debug\Exceptions->errorHandler(8, 'Undefined varia...', 'C:\\xampp\\htdocs...', 73, Array)
#1 C:\xampp\htdocs\ppdb-online-ci4\system\View\View.php(210): include('C:\\xampp\\htdocs...')
#2 C:\xampp\htdocs\ppdb-online-ci4\system\View\View.php(213): CodeIgniter\View\View->CodeIgniter\View\{closure}()
#3 C:\xampp\htdocs\ppdb-online-ci4\system\Common.php(1089): CodeIgniter\View\View->render('v_pendaftaran', Array, true)
#4 C:\xampp\htdocs\ppdb-online-ci4\app\Controllers\Pendaftaran.php(27): view('v_pendaftaran', Array)
#5 C:\xampp\htdocs\ppdb-online-ci4\system\CodeIgniter.php(825): App\Controllers\Pendaftaran->index()
#6 C:\xampp\htdocs\ppdb-online-ci4\system\CodeIgniter.php(412): CodeIgniter\CodeIgniter->runController(Object(App\Controllers\Pendaftaran))
#7 C:\xampp\htdocs\ppdb-online-ci4\system\CodeIgniter.php(320): CodeIgniter\CodeIgniter->handleRequest(NULL, Object(Config\Cache), false)
#8 C:\xampp\htdocs\ppdb-online-ci4\public\index.php(37): CodeIgniter\CodeIgniter->run()
#9 C:\xampp\htdocs\ppdb-online-ci4\system\Commands\Server\rewrite.php(43): require_once('C:\\xampp\\htdocs...')
#10 {main}
ERROR - 2022-01-22 19:57:27 --> Unknown column 'kuota' in 'field list'
CRITICAL - 2022-01-22 19:57:27 --> Unknown column 'kuota' in 'field list'
#0 C:\xampp\htdocs\ppdb-online-ci4\system\Database\MySQLi\Connection.php(292): mysqli->query('INSERT INTO `tb...', 0)
#1 C:\xampp\htdocs\ppdb-online-ci4\system\Database\BaseConnection.php(670): CodeIgniter\Database\MySQLi\Connection->execute('INSERT INTO `tb...')
#2 C:\xampp\htdocs\ppdb-online-ci4\system\Database\BaseConnection.php(598): CodeIgniter\Database\BaseConnection->simpleQuery('INSERT INTO `tb...')
#3 C:\xampp\htdocs\ppdb-online-ci4\system\Database\BaseBuilder.php(1771): CodeIgniter\Database\BaseConnection->query('INSERT INTO `tb...', Array, false)
#4 C:\xampp\htdocs\ppdb-online-ci4\app\Models\ModelSiswa.php(48): CodeIgniter\Database\BaseBuilder->insert(Array)
#5 C:\xampp\htdocs\ppdb-online-ci4\app\Controllers\Pendaftaran.php(145): App\Models\ModelSiswa->insertData(Array)
#6 C:\xampp\htdocs\ppdb-online-ci4\system\CodeIgniter.php(825): App\Controllers\Pendaftaran->simpanPendaftaran()
#7 C:\xampp\htdocs\ppdb-online-ci4\system\CodeIgniter.php(412): CodeIgniter\CodeIgniter->runController(Object(App\Controllers\Pendaftaran))
#8 C:\xampp\htdocs\ppdb-online-ci4\system\CodeIgniter.php(320): CodeIgniter\CodeIgniter->handleRequest(NULL, Object(Config\Cache), false)
#9 C:\xampp\htdocs\ppdb-online-ci4\public\index.php(37): CodeIgniter\CodeIgniter->run()
#10 C:\xampp\htdocs\ppdb-online-ci4\system\Commands\Server\rewrite.php(43): require_once('C:\\xampp\\htdocs...')
#11 {main}
CRITICAL - 2022-01-22 07:27:05 --> syntax error, unexpected '==' (T_IS_EQUAL)
#0 C:\xampp\htdocs\ppdb-online-ci4\system\View\View.php(213): CodeIgniter\View\View->CodeIgniter\View\{closure}()
#1 C:\xampp\htdocs\ppdb-online-ci4\system\Common.php(1089): CodeIgniter\View\View->render('siswa/v_formuli...', Array, true)
#2 C:\xampp\htdocs\ppdb-online-ci4\app\Controllers\Siswa.php(46): view('siswa/v_formuli...', Array)
#3 C:\xampp\htdocs\ppdb-online-ci4\system\CodeIgniter.php(825): App\Controllers\Siswa->index()
#4 C:\xampp\htdocs\ppdb-online-ci4\system\CodeIgniter.php(412): CodeIgniter\CodeIgniter->runController(Object(App\Controllers\Siswa))
#5 C:\xampp\htdocs\ppdb-online-ci4\system\CodeIgniter.php(320): CodeIgniter\CodeIgniter->handleRequest(NULL, Object(Config\Cache), false)
#6 C:\xampp\htdocs\ppdb-online-ci4\public\index.php(37): CodeIgniter\CodeIgniter->run()
#7 C:\xampp\htdocs\ppdb-online-ci4\system\Commands\Server\rewrite.php(43): require_once('C:\\xampp\\htdocs...')
#8 {main}
CRITICAL - 2022-01-22 09:22:03 --> Undefined property: App\Controllers\Ppdb::$ModelPpdb
#0 C:\xampp\htdocs\ppdb-online-ci4\app\Controllers\Ppdb.php(19): CodeIgniter\Debug\Exceptions->errorHandler(8, 'Undefined prope...', 'C:\\xampp\\htdocs...', 19, Array)
#1 C:\xampp\htdocs\ppdb-online-ci4\system\CodeIgniter.php(825): App\Controllers\Ppdb->index()
#2 C:\xampp\htdocs\ppdb-online-ci4\system\CodeIgniter.php(412): CodeIgniter\CodeIgniter->runController(Object(App\Controllers\Ppdb))
#3 C:\xampp\htdocs\ppdb-online-ci4\system\CodeIgniter.php(320): CodeIgniter\CodeIgniter->handleRequest(NULL, Object(Config\Cache), false)
#4 C:\xampp\htdocs\ppdb-online-ci4\public\index.php(37): CodeIgniter\CodeIgniter->run()
#5 C:\xampp\htdocs\ppdb-online-ci4\system\Commands\Server\rewrite.php(43): require_once('C:\\xampp\\htdocs...')
#6 {main}
CRITICAL - 2022-01-22 09:22:32 --> Undefined index: id_pendidikan
#0 C:\xampp\htdocs\ppdb-online-ci4\app\Views\admin\ppdb\v_masuk.php(36): CodeIgniter\Debug\Exceptions->errorHandler(8, 'Undefined index...', 'C:\\xampp\\htdocs...', 36, Array)
#1 C:\xampp\htdocs\ppdb-online-ci4\system\View\View.php(210): include('C:\\xampp\\htdocs...')
#2 C:\xampp\htdocs\ppdb-online-ci4\system\View\View.php(213): CodeIgniter\View\View->CodeIgniter\View\{closure}()
#3 C:\xampp\htdocs\ppdb-online-ci4\system\Common.php(1089): CodeIgniter\View\View->render('admin/ppdb/v_ma...', Array, true)
#4 C:\xampp\htdocs\ppdb-online-ci4\app\Controllers\Ppdb.php(22): view('admin/ppdb/v_ma...', Array)
#5 C:\xampp\htdocs\ppdb-online-ci4\system\CodeIgniter.php(825): App\Controllers\Ppdb->index()
#6 C:\xampp\htdocs\ppdb-online-ci4\system\CodeIgniter.php(412): CodeIgniter\CodeIgniter->runController(Object(App\Controllers\Ppdb))
#7 C:\xampp\htdocs\ppdb-online-ci4\system\CodeIgniter.php(320): CodeIgniter\CodeIgniter->handleRequest(NULL, Object(Config\Cache), false)
#8 C:\xampp\htdocs\ppdb-online-ci4\public\index.php(37): CodeIgniter\CodeIgniter->run()
#9 C:\xampp\htdocs\ppdb-online-ci4\system\Commands\Server\rewrite.php(43): require_once('C:\\xampp\\htdocs...')
#10 {main}
